[debug] [2023-03-20T06:49:58.585Z] ----------------------------------------------------------------------
[debug] [2023-03-20T06:49:58.586Z] Command:       C:\Program Files\nodejs\node.exe C:\Users\yj-12\AppData\Roaming\npm\node_modules\firebase-tools\lib\bin\firebase.js init
[debug] [2023-03-20T06:49:58.587Z] CLI Version:   11.24.1
[debug] [2023-03-20T06:49:58.587Z] Platform:      win32
[debug] [2023-03-20T06:49:58.587Z] Node Version:  v18.14.2
[debug] [2023-03-20T06:49:58.588Z] Time:          Mon Mar 20 2023 15:49:58 GMT+0900 (대한민국 표준시)
[debug] [2023-03-20T06:49:58.588Z] ----------------------------------------------------------------------
[debug] 
[debug] [2023-03-20T06:49:58.591Z] >>> [apiv2][query] GET https://firebase-public.firebaseio.com/cli.json [none]
[debug] [2023-03-20T06:49:58.628Z] > command requires scopes: ["email","openid","https://www.googleapis.com/auth/cloudplatformprojects.readonly","https://www.googleapis.com/auth/firebase","https://www.googleapis.com/auth/cloud-platform"]
[debug] [2023-03-20T06:49:58.628Z] > authorizing via signed-in user (dongkyun2331@gmail.com)
[info] 
     ######## #### ########  ######## ########     ###     ######  ########
     ##        ##  ##     ## ##       ##     ##  ##   ##  ##       ##
     ######    ##  ########  ######   ########  #########  ######  ######
     ##        ##  ##    ##  ##       ##     ## ##     ##       ## ##
     ##       #### ##     ## ######## ########  ##     ##  ######  ########

You're about to initialize a Firebase project in this directory:

  C:\react-dv\memo

Before we get started, keep in mind:

  * You are currently outside your home directory

[debug] [2023-03-20T06:49:59.045Z] <<< [apiv2][status] GET https://firebase-public.firebaseio.com/cli.json 200
[debug] [2023-03-20T06:49:59.046Z] <<< [apiv2][body] GET https://firebase-public.firebaseio.com/cli.json {"cloudBuildErrorAfter":1594252800000,"cloudBuildWarnAfter":1590019200000,"defaultNode10After":1594252800000,"minVersion":"3.0.5","node8DeploysDisabledAfter":1613390400000,"node8RuntimeDisabledAfter":1615809600000,"node8WarnAfter":1600128000000}
